	&	J	h	
	You must construct it with ORDERED_CONSTRUCT macro in the dependency resolution function.
	[builtin#%d]:
	no field package.preload['%s']
	no file '%s'
	no module '%s' in file '%s'
  n@(
 !"#$%&'()*+,-./0123
 %s: 
 %s="%d"
 %s="%s"
 ( def. "%s" )
 ReadToken overflow
 [%.3f server clamped to %.3f]
 [A\A]A^]
 [A\]
 []A\
 []A\A]A^
 []A^
 at %p
 in function '%s'
 in function <%s:%d>
 in main chunk
 max. %f
 min. %f
 tMv+@
!	@iW
"%s" 
"%s" = "%s"
"%s":%d
#base
#base is NULL 
#empty#
#include
#include is NULL 
#int#
$ X w @"i"
$#;}M
$A;\$
$HcD$
$ORIGIN
$[]A\
%-120s
%-120s - %s
%.14g
%016llx
%12.6f
%d %d %d %d
%f %f %f %f
%g %g %g %g
%i %i %i %i
%ls [wstring, len = %d]
%p:%d
%s %p [%f %f %f]
%s <null>
%s at line %d
%s called with %d arguments - expected %d
%s called with %d arguments - expected %d-%d
%s expected, got %s
%s has no instance glue - are you doing objectName.%s instead of objectName:%s?
%s near '%s'
%s parameter %d: expected %s but got %s.
%s.so
%s: %p
%s: string format requested %d chars
%s:%d: %s
%s|%d
&2&Q&p&
&YA1H
&YA1L
'%s' cannot be indexed
'%s' cannot be indexed with '%s'
'%s' expected
'%s' expected (to close '%s' at line %d)
'%s' has no '%s' metamethod
'%s' has no member named '%s'
'%s' is not callable
'.'V'
'=' or 'in' expected
'for' initial value must be a number
'for' limit must be a number
'for' step must be a number
'module' not called from a Lua function
'package.%s' must be a string
'package.loaders' must be a table
'package.preload' must be a table
'setfenv' cannot change environment of given object
'tostring' must return a string to 'print'
(%s) %s:%d
(*%s*), 
(*temporary)
(*vararg)
(A^A_[]
(HcWP
([A\A]A^A_]
([A\A]]
([]A\A]
([]A\A]A^A_
(for control)
(for generator)
(for index)
(for limit)
(for state)
(for step)
(null)
(tQE9
(~'~'
)wMIc
+D$$H
,$[]A\A]A^
,0[]A\
,I9F 
-+ #0
-luajit
-sse2
-sse3
-sse4
-t:D9
../public/ordered_constructor.h
../public/tier1/utlrbtree.h
./?.lua;/usr/local/share/luajit-2.0.4/?.lua;/usr/local/share/lua/5.1/?.lua;/usr/local/share/lua/5.1/?/init.lua
./?.so;/usr/local/lib/lua/5.1/?.so;/usr/local/lib/lua/5.1/loadall.so
.comment
.data
.data.rel.ro
.dynamic
.dynstr
.dynsym
.eh_frame
.eh_frame_hdr
.fini
.fini_array
.gnu.hash
.gnu.version
.gnu.version_r
.gnu_debuglink
.init
.init_array
.local
.note.gnu.build-id
.rela.dyn
.rela.plt
.rodata
.shstrtab
.steam
.tbss
.text
/* GNU ld script
/var/srcH
0123456789abcdef
0@volatile
0[A\]
0[]A\A]A^
0x%016llX
10ConCommand
10IAppSystem
127.0.0.1
12CEmptyConVar
12CThreadEvent
1434713789_main
14CBaseAppSystemI14IScriptManagerE
14CScriptManager
14ConCommandBase
14IScriptManager
15CTier0AppSystemI14IScriptManagerE
15CTier1AppSystemI14IScriptManagerLi0EE
15CTier2AppSystemI14IScriptManagerLi0EE
15IScriptDebugger
16CDefaultAccessor
20CPostConnectCallback
22CSchemaInstallCallback
23IConCommandBaseAccessor
2TIJAUL
2TIJAULHc
2TIJAULL1
3tz~P
4$E;t$
6CLuaVM
6CNopVM
6ConVar
7CLuaDbg
7IConVar
8@t>H
8A^]H
8CFmtStrNILi256ELb0EE
8[A\A]A^A_]
8[]A\
8[]A\A]A^A_
8[]A\A]H
8sF	S
9D$8I
9E s[H
9IScriptVM
9p$w[
;*3$"
;BX|'1
;D$(~1H
;E w;
;E w[
;KDwOH
;M wY
;SDwbH
;l$<sz
;w UH
;w$tN9OX
<#t%<(
<$*tdE
<+tT<,t0
<+ta<,t5
<.t9<[t%<%t
</%s>
<< NULL >>
<>;{D
<?xml version="1.0" encoding="UTF-8"?>
<Ctq<(tMD
<DtgE1
<FupA
<NULL>
<Ntm<Ot]D
<Ow=f
<Pt	H
<Rt&<Pu
<eof>
<goto %s> jumps into the scope of local '%s'
<identifier>
<integer>
<name>
<name> or '...' expected
<no failure reason set>
<number>
<string>
<unknown>
<utC<vt)<nt
=(debug command)
=(load)
=stdin
><![CDATA[%s]]>
>A]A^]
?456789:;<=
?VScript
?[]A\A]
@0123456789ABCDEF
@[A\]
@libvscript.so
A"<$	
A#<$	
A#|$TH
A)A I
A)P I
A)T$ A
A+D$$I
A+E$A
A+E$I
A+G$I
A9.v?y
A;D$X}
A;FxA
A;\$ 
A;_@|
A;_@}4L
A;_p|
ABCDEFGHIJKLMNOPQRSTUVWXYZabcdefghijklmnopqrstuvwxyz0123456789+/
APPSYSTEM: In ConnectInterfaces(), s_nRegistrationCount is %d!
ATSt$@
ATUHc
ATUSD
ATUSH
ATUSL
ATfE1
AUAT1
AUATA
AUATASARAQAPWVUH
AUATD
AUATE
AUATE1
AUATH
AUATI
AUATL
AUATM
AUATS1
AUATSH
AUATSL
AUATU
AUATU1
AUATUH
AUATUS
AUATUSH
AVAUA
AVAUATA
AVAUATI
AVAUATL
AVAUATS
AVAUATSD
AVAUATSH
AVAUATU
AVAUATUH
AVAUATUS
AVAUATUSH
AVAUD
AVAUE
AVAUI
AVAUL
AWAVA
AWAVAUA
AWAVAUATA
AWAVAUATE1
AWAVAUATH
AWAVAUATI
AWAVAUATL
AWAVAUATSH
AWAVAUATSRH
AWAVAUATU
AWAVAUATUH
AWAVAUATUS
AWAVAUATUSH
AWAVAUE1
AWAVAUI
AWAVAUL
AWAVE
AWAVE1
AWAVH
AWAVI
AWAVL
A\A]A^
A\A]A^A_
A\A]A^A_]
A\A]A^]
A\A]]
A]A^A_
A]A^]
AddRef
AnimGraphEditorUtils001
AnimationSystemUtils_001
AnimationSystem_001
AssetBrowserSystem_001
AssetPreviewSystem_001
AssetSystem001
AssetSystemTest001
Attempted to ConvertToCopiedData for unsupported type (%d)
B$9B 
B$9B s
BakedLODBuilderMgr001
BenchmarkService001
BinaryProperties_GetValue
BitwiseAnd
BitwiseNot
BitwiseOr
BitwiseXor
Breakpoint type (%s) not supported.
C +D$
C t#A
C(H9C
C++ exception
CCommand::Tokenize: Encountered command which overflows the argument buffer.. Clamped!
CCommand::Tokenize: Encountered command which overflows the tokenizer buffer.. Skipping!
CDesc
CL$(9
CMemAllocSystemInitialize
COLORCORRECTION_VERSION_1
CPf9CR
CUtlBuffer::VaPrintf: String overflowed buffer [%llu]
CUtlMemoryPoolBase
CUtlMemoryPoolBase: Cannot specify 0 elements to grow each time!
CUtlRBTree overflow with %u elements!
CXXABI_1.3
Cannot recover from failed socket shutdown.
Cht7Lc{pD;
ClearBit
ClenDbyteDcharCsubCrepGreverse
CloseSocket
CommandLine
ConVar(%s) defined with infinite float value (%s)
ConVarRef %s doesn't point to an existing ConVar
ConfigurationSystem_001
ConnectInterfaces
Constructor called without a class constructor - internal error?
CreateInterface
CreateNonBlockingSocket
Cross
D$ E1
D$ H9E
D$ M9
D$ Mc
D$$L)
D$(H+D$0H
D$(fD
D$0H9
D$0H9D$(s
D$0H9D$(v!
D$0tE
D$8I9
D$@9D$<
D$@;h
D$@E1
D$@H9
D$@I9
D$@L9
D$H9D$
D$HL9
D$`%I
D$`<.t
D$pE1
D+uDD
D9D$TwN
D9l$ 
D9t$0
D9|$0
D9|$0vID
D;c D
D;d$8
DebugTextureInfo001
Debugger
DevMsg
DotaCardGameClient_001
DynASM 1.3.0
E8AY[]
E9gPI
E9t$(D
EDesc
EXPORTSYSTEM_INTERFACE_VERSION_001
EarlyInit_Tier0
EconItemToolModel_001
EngineServiceMgr001
EnvironmentMapBuilder_001
Epairs@
Error: Duplicate command handler registered (%s)!
Etobit
EventSystem001
F t2SH
F t5SH
FATAL ERROR: unable to register all schema data: %s
FCVAR_NEVER_AS_STRING
FDesc
FILE*
Failed to find %s
Failed to read %s
Fassert
Fipairs
FlattenedSerializersVersion001
FontManager_001
FormatV
Forward
G H+G
G U9G
G(;G,Sv'H
G8t%H
G<@tD
G<@tY
GCC: (Ubuntu 4.8.1-2ubuntu1~12.04+steamrt2+srt1) 4.8.1
GCC: (Ubuntu 5.4.0-7.really.6+steamrt1.1+srt1) 5.4.1 20160803
GIcN`Hc
GLIBCXX_3.4
GLIBC_2.14
GLIBC_2.2.5
GLIBC_2.3
GLIBC_2.3.4
GLIBC_2.4
GLIBC_2.7
GROUP
GameResourceServiceClientV001
GameResourceServiceServerV001
GameUIService_001
Generate a random floating point number within a range, inclusive
Generate a random integer within a range, inclusive
GetCPUInformation
GetResourceManifestCount
GetResourceManifests
Global
Globals
H	p(]
H	w(UH
H!w(H
H$9H 
H$9H s
H$9H s.H
H$9H s8D
H$9H s=H
H$9H sBH
H$9H saH
H$9H sh1
H$9H snH
H9Chuz
H9D$(
H9D$@I
H9D$`
H;*twH
H;} H
HE9o 
HE;w 
HHcY,H
H[A\A]A^A_]
H[]A\A]
H[]A\A]A^A_
H[]A\A]A^H
HammerMapLoader001
HcD$$H
HcD$HH
HcSPH
Hcs@H
Hct$8H
Hct$<H
Hct$@H
Hct$DH
Hcu(H
HelpSystem_001
HookUpConfigValue
HostStateMgr001
I+E I
I;D$ 
INPUT
IQuickTime001
IcF`9
InputService_001
InputStackSystemVersion001
InputSystemVersion001
InstallChangeCallback called with NULL callback, ignoring!!!
InstallChangeCallback ignoring duplicate change callback!!!
InstallSchemaBindings
Intentionally vague touch behavior for %p
Invalid connection type.
Invalid context (id=%d)
Invalid stack level (%d)
IsBitSet
IsNull
IsNull called without an object - did you call obj.IsNull() instead of obj:IsNull()?
JIT compiler disabled, CPU does not support SSE2
K,t[H
K2K2K2
KTu6L
KeyValueCache001
KeyValuesSystem
L$ H9
L$(E1
L$(uF
L$,E1
L$0E1
L$0f.
L$89L$0
L$89M
L$HE1
L$Ht7
L$Xt:
L9t$ 
L9t$ H
L;d$Hr
L;d$HsaO
L;l$0tzH
L;t$8I
L<)w!
LOADLIB: %s
LOG_GENERAL
LUA Memory usage warning: The VM has hit a new high usage of %s bytes.
LUA Memory usage: The VM has a usage of %s bytes.
LUA_CPATH
LUA_NOENV
LUA_PATH
Length
Length2D
Linux
LoadAndCompileScriptFile: Failed to compile script file "%s"
LoadAndCompileScriptFile: No filesystem found
LoadAndCompileScriptFile: Script file "%s" type does not match VM type
Local
Localize_001
LoggingSystem_IsChannelEnabled
LoggingSystem_Log
LoggingSystem_RegisterLoggingChannel
Lua 5.1
Lua DBGp
Lua function expected
LuaDBGp: --> 
LuaDBGp: <-- %s
LuaDBGp: Failed to connect to %s:%d
LuaDBGp: Retrying to connect to %s:%d in 1s (%d/%d)
LuaDBGp: Succeeded to connect to %s:%d
LuaDBGp: Trying to connect to %s:%d
LuaDBGp: Unknown command received from the IDE - "%s"
LuaDbg - Debugging started
LuaDbg - Debugging stopped
M+M(H
MATCHFRAMEWORK_001
MIcN8Ic
MODEL_PROCESSING_SCRIPT_INTERFACE_001
MODEL_PROCESSING_SERVICES_INTERFACE_001
MapListService_001
MaterialUtils_001
MathLib_Init
Mcd$(A
MemAlloc_AllocFunc
MemAlloc_FreeFunc
MeshSystem001
MeshUtils001
Message count limit of %d hit. Subsequent duplicate messages will be squelched.
Missing breakpoint data ( breakpoint with ID %s. )
Missing breakpoint with given ID %s.
ModelDocUtils001
MrkBJ
Must use luaL_newstate() for 64 bit target
NYI: cannot call this C function (yet)
NYI: packed bit fields
NetworkClientService_001
NetworkMessagesVersion001
NetworkP2PService_001
NetworkServerService_001
NetworkService_001
NetworkSystemUtilsVersion001
NetworkSystemVersion001
No conversion from %s to int now
No conversion from %s to string at the moment!
No conversion from %s to uint now
No free conversion of %s variant to %s right now
No function binding found!
Normalized
Not sure how we got here.
Ordered constructor wrapped type has no default constructor.
P'A;U
P?fmod
PANIC: unprotected error in call to Lua API (
PAWAV
P[A\A]A^]
P[]A\
PanoramaTextServices001
PanoramaUIClient001
PanoramaUIEngine001
Parameter type mismatch
ParticleSystemMgr003
Physics2 Interface Old v0.5
PhysicsBuilderMgr001
Plat_DebugPrint
Plat_ExitProcess
Plat_GetEnv
Plat_GetOSType
Plat_IsHighDPI
Plat_IsInDebugSession
Plat_MSTime
Plat_ShouldCollectMiniDumpsForFatalErrors
Plat_VirtualAlloc
Plat_VirtualFree
PostProcessingSystem_001
Print a message
Print a warning
PropertyEditorSystem_001
QAngle
Quaternion
QueuedLoaderVersion001
RandomFloat
RandomInt
RandomSeed
RegisterAllModuleData
RegisterConfigValue: Unknown error constructing config value "%s"!
RegisterStringToken
Release
RenderDevice003
RenderDeviceMgr001
RenderHardwareConfig002
RenderService_001
RenderSystemSurface001
RenderUtils_001
ResetEndpoint
ResourceCompilerSystem001
ResourceHandleUtils001
ResourceManifestRegistry001
ResourceSystem013
S$[]A\
S,t?H
S,tDH
S,tKH
S8H;B
SAWAVH
SOCKET_ERR_ACCEPT_FAILED
SOCKET_ERR_BAD_USER_DATA
SOCKET_ERR_BIND_OPERATION_FAILED
SOCKET_ERR_CANT_WRITE
SOCKET_ERR_CONNECTION_CLOSED
SOCKET_ERR_CONNECTION_RESET
SOCKET_ERR_CONNECT_FAILED
SOCKET_ERR_CREATE_FAILED
SOCKET_ERR_ENABLE_BLOCKING_MODE_FAILED
SOCKET_ERR_ENABLE_NON_BLOCKING_MODE_FAILED
SOCKET_ERR_EVENT_SELECT_FAILED
SOCKET_ERR_GENERAL_SOCKET_ERROR
SOCKET_ERR_HOST_NOT_FOUND
SOCKET_ERR_INVALID_CONNECTION
SOCKET_ERR_LISTEN_FAILED
SOCKET_ERR_MIXING_PACKET_SENDS
SOCKET_ERR_NO_AVAILABLE_ENDPOINTS
SOCKET_ERR_NO_INCOMING_CONNECTIONS
SOCKET_ERR_OPERATION_NOT_SUPPORTED
SOCKET_ERR_PARTIAL_PACKET_OVERFLOW
SOCKET_ERR_POLLING_OPERATION_FAILED
SOCKET_ERR_READ_OPERATION_FAILED
SOCKET_ERR_READ_OPERATION_WOULD_BLOCK
SOCKET_ERR_WRITE_OPERATION_FAILED
SOCKET_ERR_WRITE_OPERATION_WOULD_BLOCK
SSE and SSE2 are required.
SceneSystem_002
SceneUtils_001
SchemaSystem_001
SchemaTestExternal_One_001
SchemaTestExternal_Two_001
Script Runtime Error: %s
Script load error for script
Script_Msg
Script_Warning
SerializedEntitiesVersion001
ServerUploadGameStats001
SetBit
Socket error: %d
SoundOpSystem001
SoundOpSystemEdit001
SoundService_001
SoundSystem001
Source2Client002
Source2ClientPrediction001
Source2ClientUI001
Source2EngineToClient001
Source2EngineToClientStringTable001
Source2EngineToServer001
Source2EngineToServerStringTable001
Source2GameClients001
Source2GameEntities001
Source2Host001
Source2Server001
Source2ServerSerializers002
StatsService_001
SteamAudio001
Success
T$ L9
T$(E1
T$HfA
T$XH9
T$XMc
T((t	H
TestScriptMgr001
TextLayout_001
TextMessageMgr_001
The function %s requires too many parameters.
This object has been deleted from C++ and no longer exists. (Use :IsNull() to detect this.)
ThreadGetCurrentId
ThreadSleep
ToHexString
ToggleBit
ToolFramework2_002
ToolGameSimulationDispatcher_001
ToolGameSimulationSystem_001
ToolSceneNodeFactory_001
ToolScriptManager001
ToolService_001
Trying to set a breakpoint with missing file/line. Ensure the file is part of the Eclipse project (refresh project is necessary) and reopen the file in Eclipse.
UIcL$@Ic
UInt64
UPDATE_STRING_TOKEN_DATABASE
USAWAVH
Ua91.H
Unable to create environment
Unable to update line number for the breakpoint with ID %s
Unknown protocol.
Unrecognized error.
Upvalue
UserInfoChangeService_001
VApplication001
VAvi001
VBAllocTracker001
VBaseFileSystem011
VBik001
VConComm001
VDebugService_001
VEngineCvar007
VFileSystem017
VGUI_Input005
VGUI_Panel010
VGUI_Scheme010
VGUI_Surface032
VGUI_System010
VGUI_ivgui008
VM handler failed: 
VMDLLIB001
VMaterialSystem2_001
VMediaFoundation001
VNewAsyncFileSystem001
VP4003
VPhysX Interface ResourceMgr v0.1
VPhysics2_Handle_Interface_001
VPhysics2_Interface_001
VProcessUtils002
VProfService_001
VR_001
VRenderDeviceSetupV001
VScript Lua: Unhandled variant type %s.
VScriptDbg
VScriptManager010
VStringTokenSystem001
VXA;^p
V_FixDoubleSlashes
V_FixSlashes
V_GetErrno
V_IsAbsolutePath
V_PrettifyNum
V_RemoveDotSlashes
V_SetErrno
V_StrTrim
V_StripTrailingSlash
V_UTF16ToUTF8
V_UTF32ToUTF8
V_UTF8CharsToUTF16
V_UTF8ToUTF32
V_UnqualifiedFileName
V_acosf
V_asinf
V_atan2f
V_atanf
V_atof
V_atofloat64
V_atoi
V_cosf
V_expf
V_fmodf
V_frexpf
V_localeconv
V_logf
V_powf
V_qsort_s
V_sincosf
V_sinf
V_snprintf
V_snwprintf_cch
V_sscanf
V_stricmp_fast
V_strlower_fast
V_strnchr
V_strnlen
V_strtod
V_strtoi64
V_strtoui64
V_strupper_fast
V_swscanf
V_tanf
V_tier0_strstr
V_vsnprintf
V_vsnprintfSize
V_vsnprintfWarnTrunc
V_wcstod
V_wcstoi64
VaPrintf
Vector
Vector2D
Vector4D
VisBuilder_001
W u)H
W,t_H
WARNING: Lua allocation of %llu failed
WARNING: Lua unable to create VM
WARNING: Lua unmap unable to decommit all pages
WARNING: Lua unmap unable to find %llu pages
WSAEACCES
WSAEADDRINUSE
WSAEADDRNOTAVAIL
WSAEAFNOSUPPORT
WSAEALREADY
WSAEBADF
WSAECANCELLED
WSAECONNABORTED
WSAECONNREFUSED
WSAECONNRESET
WSAEDESTADDRREQ
WSAEDQUOT
WSAEFAULT
WSAEHOSTDOWN
WSAEHOSTUNREACH
WSAEINPROGRESS
WSAEINTR
WSAEINVAL
WSAEISCONN
WSAELOOP
WSAEMFILE
WSAEMSGSIZE
WSAENAMETOOLONG
WSAENETDOWN
WSAENETRESET
WSAENETUNREACH
WSAENOBUFS
WSAENOPROTOOPT
WSAENOTCONN
WSAENOTEMPTY
WSAENOTSOCK
WSAEOPNOTSUPP
WSAEPFNOSUPPORT
WSAEPROTONOSUPPORT
WSAEPROTOTYPE
WSAEREMOTE
WSAESHUTDOWN
WSAESOCKTNOSUPPORT
WSAESTALE
WSAETIMEDOUT
WSAETOOMANYREFS
WSAEUSERS
WSAEWOULDBLOCK
Waiting for debugger connection...
Warning
Warning:  %s = '%s' is infinite, clamping value.
WorkshopSetup001
WorldRendererBuilderMgr001
WorldRendererMgr001
X$9X 
X[A\A]A^A_]
X[A\A]]
X[]A\A]
X[]A\A]A^A_
Xbox VDP is not supported on this platform.
[A\A]A^A_]
[A\A]A^]
[A\A]H
[A\A]]
[A\]H
[]A\1
[]A\@
[]A\A
[]A\A]
[]A\A]1
[]A\A]A^
[]A\A]A^%
[]A\A]A^1
[]A\A]A^A_
[]A\A]A^A_J
[]A\A]A^H
[]A\A]A^L
[]A\A]D
[]A\A]H
[]A\A]L
[]A\A^
[]A\D
[]A\H
[]A\L
[string 
[string H
\$(fA
\IcL$
]. d.
]4[]A\
]A\A]
]A\A]A^
]A\A]A^A_
^$*+?.([%-
^IcL$ Ic
_%x%llx_%s
_Bool
_Complex
_IO_getc
_IO_putc
_ITM_deregisterTMCloneTable
_ITM_registerTMCloneTable
_Jv_RegisterClasses
_LOADED
_LOADLIB
_NAME
_PACKAGE
_PRELOAD
_VERSION
_VMEVENTS
_V_ComposeFileName
_V_ExtractFileExtension
_V_ExtractFilePath
_V_FileBase
_V_MakeAbsolutePath
_V_StringAfterPrefix
_V_StripExtension
_V_StripLastDir
_V_strncat
_V_strncmp
_V_strncpy
_V_strnicmp_fast
_V_strnistr_fast
_Z14V_stristr_fastPKcS0_
_Z15V_UnicodeLengthPKc
_Z17LoggingSystem_Logi17LoggingSeverity_t5ColorPKcz
_Z17LoggingSystem_Logi17LoggingSeverity_tRK14LeafCodeInfo_tPKcz
_Z20V_UnicodeCaseConvertPKcPcii25EStringConvertErrorPolicy
_Z6ConMsgPKcz
_Z6DevMsgPKcz
_ZN12CThreadEvent3SetEv
_ZN12CThreadEventC1Eb
_ZN13CBufferString10RelinquishENS_19EAllocationOption_tE
_ZN13CBufferString5PurgeEi
_ZN13CBufferString6ConcatEPKcS1_z
_ZN13CBufferString6InsertEiPKcib
_ZN13CThreadRWLock11UnlockWriteEv
_ZN13CThreadRWLock11WaitForReadEv
_ZN13CThreadRWLock12LockForWriteEv
_ZN17CThreadSpinRWLock10UnlockReadEv
_ZN17CThreadSpinRWLock11LockForReadEv
_ZN17CThreadSpinRWLock11UnlockWriteEv
_ZN17CThreadSpinRWLock16SpinLockForWriteEy
_ZN17CThreadSyncObject8WaitImplEj
_ZN17CThreadSyncObjectD2Ev
_ZN42CVirtualMachineCallStackTranslationEncoder21EncodeAsNativePointerEPKcS1_j
_ZN42CVirtualMachineCallStackTranslationEncoderC2EPKc
_ZN42CVirtualMachineCallStackTranslationEncoderD2Ev
_ZNSs4_Rep10_M_destroyERKSaIcE
_ZNSs4_Rep20_S_empty_rep_storageE
_ZNSs6appendEPKcm
_ZNSs7reserveEm
_ZNV16CThreadFastMutex4LockEyj
_ZTI17CThreadSyncObject
_ZTVN10__cxxabiv117__class_type_infoE
_ZTVN10__cxxabiv120__si_class_type_infoE
_ZTVN10__cxxabiv121__vmi_class_type_infoE
_ZdaPv
_ZdlPv
_Znam
_Znwm
__add
__alignof
__alignof__
__asm
__asm__
__attribute
__attribute__
__attribute__((vector_size(
__bss_start
__builtin_va_list
__call
__cdecl
__complex
__complex__
__concat
__const
__const__
__cxa_atexit
__cxa_finalize
__cxa_guard_abort
__cxa_guard_acquire
__cxa_guard_release
__cxa_pure_virtual
__declspec
__div
__errno_location
__extension__
__fastcall
__gmon_start__
__gnuc_va_list
__gxx_personality_v0
__index
__index__newindex__gc__mode__eq__len__lt__le__concat__call__add__sub__mul__div__mod__pow__unm__metatable__tostring__new__pairs__ipairs
__inline
__inline__
__int16
__int32
__int64
__int8
__ipairs
__isoc99_fscanf
__len
__memcpy_chk
__metatable
__mod
__mode
__mul
__newindex
__pairs
__pow
__pthread_key_create
__ptr32
__ptr64
__restrict
__restrict__
__self
__signed
__signed__
__sourceid
__stack_chk_fail
__stdcall
__sub
__thiscall
__tls_get_addr
__tostring
__unm
__userdata_metatable
__volatile
__volatile__
_edata
_fini
`AVAUE1
abort
accept
activelines
alignof
ambiguous syntax (function call x new statement)
appid
archive
arshift
assertion failed!
attempt to %s %s '%s' (a %s value)
attempt to %s a %s value
attempt to call a %s value
attempt to compare %s with %s
attempt to compare '%s' with '%s'
attempt to compare two %s values
attempt to concatenate '%s' and '%s'
attempt to get length of '%s'
attempt to load chunk with wrong mode
attempt to perform arithmetic on '%s' and '%s'
attempt to redefine '%s'
attempt to use a closed file
attempt to write to constant location
attempt to yield across C-call boundary
bad action while in __gc metamethod
bad argument #%d to '%s' (%s)
bad callback
bad light userdata pointer
bad storage class
base out of range
boolean
boolean or proxy expected
borrow
break
breakpoint
breakpoint_get
breakpoint_remove
breakpoint_set
breakpoint_update
bswapFlshift
bytecode instructions
calling '%s' on bad self (%s)
cannot change a protected metatable
cannot close standard file
cannot convert '%s' to '%s'
cannot load incompatible bytecode
cannot load malformed bytecode
cannot open %s: %s
cannot read %s: %s
cannot resume dead coroutine
cannot resume non-suspended coroutine
cannot resume running coroutine
cannot use '...' outside a vararg function
ccode:/
cdata
cdata<%s>: %d
cdata<%s>: %p
ceilDsqrt
char(%d)
character
cheat
chunk has more than %d local variables
chunk has too many lines
chunk has too many syntax levels
clearerr
client
clientcmd_can_execute
close
closed file
collect
collectgarbage
color
command
complex
concat
concatenate
config
configvalue.cpp
connect
const
constants
context
context_get
context_names
control structure too long
coroutine
coroutine expected
coroutine_list
count
cpath
createEyieldFresume
cstring
ctype
ctype<%s>
currentline
d$ Mc
d$(t	M
d$`E1
d$`f.
d/dota
dH34%(
dH3<%(
debug
debug	traceback
declaration specifier expected
delete
developer
disabled
dl_iterate_phdr
dlclose
dlerror
dlopen
dlsym
dofile
double
ds/shareH
duplicate label '%s'
e(D;e,v
elseif
enabled
encoding
errno
error in error handling
error loading module '%s' from file '%s':
errorEpcall
extern
external hook
fA#<$	
f[]A\A]A^
false
fclose
feature
feature_get
feature_name
feature_set
ferror
ffff.
fffff.
ffffff.
fflush
fgets
field
field '%s' missing in date table
file (%p)
file (closed)
file:///
file:///e:/work/valve/source2/main/game/core/scripts/vscripts/animationsystem/animationsysteminit.lua
filename
fileuri
flnSu
float
float( %f )
float64
floor
floorf
flush
fmodEldexpCmin
fopen64
foreachDgetn
foreachi
format
fprintf
fputc
fputs
frU%D4fr
fread
frexp
fseeko64
ftello64
fullname
function
function arguments expected
function at line %d has more than %d %s
function or expression too complex
function or level expected
function too long for return fixup
function: builtin#%d
fwrite
g_Tier1_CRC32Table
g_Tier1_CRC64Table
g_pMemAlloc
gcinfo
get length of
getenv
getfenv
gethook
gethostbyname
getinfo
getlocal
getmetatable
getmetatableLsetmetatable
getregistry
getupvalue
gfind
global
gmatch
hC type
h[A\A]A^A_]
h[]A\A]A^A_
handle_lightbinding
hit_condition
hit_count
hit_value
hscript
hscript_lightbinding
idekey
index
index out of range
inet_ntoa
inline
input
insert
int( %d = 0x%X )
int16_t
int32_t
int64_t
int8_t
integer
interfaces.cpp
intptr_t
invalid C type
invalid capture index
invalid escape sequence
invalid format
invalid format (repeated flags)
invalid format (width or precision too long)
invalid key to 'next'
invalid level
invalid long string delimiter
invalid option
invalid option '%%%c' to 'format'
invalid option '%s'
invalid order function for sorting
invalid pattern capture
invalid replacement value (a %s)
invalid value
invalid value (%s) at index %d in table for 'concat'
ioctl
istype
isvararg
js_array
js_object
js_raw_args
js_value
l$$H9
l$0E1
l$XUSRQP
language
lastlinedefined
ld-linux-x86-64.so.2
ldexp
level
level out of range
lexical element too long
lib%s
libc.so.6
libdl.so.2
libm.so.6
libpthread.so.0
libstdc++.so.6
libtier0.so
libvscript.so
libvscript.so.dbg
libvstdlib.so
lineno
lines
listen
lj_alloc_f_VALVE_OVERRIDEN
loaded
loaders
loadfile
loadfile requires a filename argument.
loadlib
loadstring
local variables
log10
long double
loop in gettable
loop in settable
loop or previous error loading module '%s'
lower
luaJIT_BC_%s
luaJIT_setmode
luaJIT_version_2_0_4
luaL_addlstring
luaL_addstring
luaL_addvalue
luaL_argerror
luaL_buffinit
luaL_callmeta
luaL_checkany
luaL_checkinteger
luaL_checklstring
luaL_checknumber
luaL_checkoption
luaL_checkstack
luaL_checktype
luaL_checkudata
luaL_error
luaL_execresult
luaL_fileresult
luaL_findtable
luaL_getmetafield
luaL_gsub
luaL_loadbuffer
luaL_loadbufferx
luaL_loadfile
luaL_loadfilex
luaL_loadstring
luaL_newmetatable
luaL_newstate
luaL_openlib
luaL_optinteger
luaL_optlstring
luaL_optnumber
luaL_prepbuffer
luaL_pushresult
luaL_ref
luaL_register
luaL_traceback
luaL_typerror
luaL_unref
luaL_where
lua_VALVE_HOOK_ALLOCATIONS
lua_VALVE_OVERRIDE_MMAP
lua_assert_on_error
lua_atpanic
lua_call
lua_checkstack
lua_close
lua_concat
lua_cpcall
lua_createtable
lua_debug> 
lua_dump
lua_equal
lua_error
lua_gc
lua_getallocf
lua_getfenv
lua_getfield
lua_gethook
lua_gethookcount
lua_gethookmask
lua_getinfo
lua_getlocal
lua_getmetatable
lua_getstack
lua_gettable
lua_gettop
lua_getupvalue
lua_insert
lua_iscfunction
lua_isnumber
lua_isstring
lua_isuserdata
lua_lessthan
lua_load
lua_loadx
lua_newstate
lua_newthread
lua_newuserdata
lua_next
lua_objlen
lua_pcall
lua_pushboolean
lua_pushcclosure
lua_pushfstring
lua_pushinteger
lua_pushlightuserdata
lua_pushlstring
lua_pushnil
lua_pushnumber
lua_pushstring
lua_pushthread
lua_pushvalue
lua_pushvfstring
lua_rawequal
lua_rawget
lua_rawgeti
lua_rawset
lua_rawseti
lua_remove
lua_replace
lua_report_memory
lua_resume
lua_setallocf
lua_setfenv
lua_setfield
lua_sethook
lua_setlocal
lua_setmetatable
lua_settable
lua_settop
lua_setupvalue
lua_status
lua_toboolean
lua_tocfunction
lua_tointeger
lua_tolstring
lua_tonumber
lua_topointer
lua_tothread
lua_touserdata
lua_type
lua_typename
lua_upvalueid
lua_upvaluejoin
lua_xmove
lua_yield
luaopen_%s
luaopen_base
luaopen_bit
luaopen_debug
luaopen_ffi
luaopen_io
luaopen_math
luaopen_package
luaopen_string
luaopen_table
l|%d|%s
main function has more than %d %s
malformed number
malformed pattern (ends with '%')
malformed pattern (missing ']')
malloc
match
mathlib.cpp
max_children
max_data
max_depth
memchr
memcmp
memcpy
memmove
mempool.cpp
memset
metamethod
metatype
missing '[' after '%f' in pattern
missing declaration for symbol '%s'
mmap64
module
module '%s' not found:%s
mprotect
mremap
munmap
n,ATI
name conflict for module '%s'
namewhat
newproxy
nil or table expected
no calling environment
no loop to break
no value
normal
not enough memory
notconnected
notify
nparams
number
numchildren
offsetof
op/conteH
output
p$9p 
p$9p s
p$9p s8H
p$9p sAH
p$9p sLD
p[A\A]A^]
p[]A\
package
pagesize
pairs
parent
pattern too complex
pclose
perform arithmetic on
popen
preload
print
printstack
property
property_get
property_set
proto
protocol_version
pthread_mutex_destroy
pthread_mutex_init
pthread_mutex_lock
pthread_mutex_unlock
pthread_mutexattr_init
pthread_mutexattr_settype
pthread_once
ptr( 0x%p )
ptrdiff_t
qangle
quaternion
radClogEatan2
random
randomseed
rawequal
rawset
reader function must return a string
reason
register
remove
repeat
replicated
require
resourcehandle
response
restart
restrict
return %s
returnType
rorDband
rshift
running
runtime code generation failed, restricted kernel?
s#HcP
s%[]A\A]H
s/workshH
sX)S H
schemabindings.cpp
schemasystem
scripts/
scripts/vscripts/%s
searchpath
seeall
selectHtonumber
server_can_execute
session
setfenv
setfenvFrawget
sethook
setlocal
setmetatable
setpause
setsockopt
setstepmul
setupvalue	upvalueid
setvbuf
short
short_src
shutdown
signal
signed
singleplayer
size of C type is unknown or too large
size_t
sizeof
socket
socketlib.cpp
source
sprintf
sqrtf
ss_added
stU='
stack overflow
stack overflow (%s)
stack traceback:
stack_get
standard file is closed
start
starting
state
static
status
stderr
stdin
stdout
steamappH
step_into
step_out
step_over
stopped
stopping
strchr
strcmp
strcpy
strdup
stream
strerror
string
string length overflow
string slice too long
string/function/table expected
strlen
strpbrk
strrchr
strtol
strtoul
struct
success
supported
suspended
syntax error
t	[A\]
t#L) H
t$ L9
t$(E;n
t$H;h
t%I9X
t'[]A\L
t/[]L
t2f;0u
t<A;n
t<[A\A]A^]
tV<Su
table
table index is NaN
table index is nil
table overflow
tail return
thIcG
thread
tmpfile
tmpfile64
tnfD9
tohex
too many arguments
too many callbacks
too many captures
too many initializers for '%s'
too many nested functions
too many results to unpack
tostring
trace
traceback
transaction_id
trueHtostring
tyLc	I
type parameter
typeDnext
typedef
typeof
u([]A\
u64( %lld = 0x%llX )
u6[]A\A]A^
uint16
uint16_t
uint32_t
uint64
uint64_t
uint8
uint8_t
uintptr_t
unable to dump given function
unable to generate a unique filename
unbalanced pattern
undeclared or implicit tag '%s'
undefined label '%s'
unexpected symbol
unfinished capture
unfinished long comment
unfinished long string
unfinished string
ungetc
union
unknown
unknown or malformed optimization flag '%s'
unknown_variant_type
unpack
unsigned
unsigned char
until
upper
upval
upvalue
upvaluejoin
upvalues
urn:debugger_protocol_v1
userdata
userdata length overflow
utlbuffer.cpp
utlstring.cpp
utlstringtoken
u|%d|%s
v59D$8v/
va_list
value expected
variable names
variant
vector
vector2d
vector4d
volatile
vscript
vscriptsH
w$AUA
w(AUI
w=HcD
wchar_t
wcscmp
wcslen
while
write
wrong number of arguments for function call
wrong number of arguments to 'insert'
wrong number of type parameters
x$9x 
x$9x r
x@HcO
x[A\A]A^A_]
x[A\A]]
xmlns
xpcall
z$u"1
z*u(f
{$,u-
{8H;W
{8tf1
{X[A\]H
{}()':
|$(M+<$
|$0E;|$@
|$0H9|$(
|$8A9>
|$HL9
|=IcT$
}$)tXH
}$D+}
~)H;7I
~7;w$
~@t3H
~@tNH
~]A\A]A^A_
